This file contains any messages produced by compilers while
running configure, to aid debugging if configure makes a mistake.

It was created by configure, which was
generated by GNU Autoconf 2.69.  Invocation command line was

  $ d:/workspace/contract_sp/deploy01/core-contracts/staking-pool/target/debug/build/jemalloc-sys-b0771b78f4db9aed/out/jemalloc/configure --disable-cxx --with-jemalloc-prefix=_rjem_ --with-private-namespace=_rjem_ --host=x86_64-pc-win32 --build=x86_64-pc-win32 --prefix=d:\workspace\contract_sp\deploy01\core-contracts\staking-pool\target\debug\build\jemalloc-sys-b0771b78f4db9aed\out

## --------- ##
## Platform. ##
## --------- ##

hostname = hoapham2410
uname -m = x86_64
uname -r = 3.3.4-341.x86_64
uname -s = MINGW64_NT-10.0-22000
uname -v = 2022-05-13 22:10 UTC

/usr/bin/uname -p = unknown
/bin/uname -X     = unknown

/bin/arch              = x86_64
/usr/bin/arch -k       = unknown
/usr/convex/getsysinfo = unknown
/usr/bin/hostinfo      = unknown
/bin/machine           = unknown
/usr/bin/oslevel       = unknown
/bin/universe          = unknown

PATH: /d/workspace/contract_sp/deploy01/core-contracts/staking-pool/target/debug/deps
PATH: /d/workspace/contract_sp/deploy01/core-contracts/staking-pool/target/debug
PATH: /c/Users/phamq/.rustup/toolchains/stable-x86_64-pc-windows-msvc/lib/rustlib/x86_64-pc-windows-msvc/lib
PATH: /c/Users/phamq/.rustup/toolchains/stable-x86_64-pc-windows-msvc/bin
PATH: /c/Users/phamq/bin
PATH: /mingw64/bin
PATH: /usr/local/bin
PATH: /usr/bin
PATH: /usr/bin
PATH: /mingw64/bin
PATH: /usr/bin
PATH: /c/Users/phamq/bin
PATH: /c/Program Files/Common Files/Oracle/Java/javapath
PATH: /c/Program Files (x86)/Common Files/Oracle/Java/javapath
PATH: /c/WINDOWS/system32
PATH: /c/WINDOWS
PATH: /c/WINDOWS/System32/Wbem
PATH: /c/WINDOWS/System32/WindowsPowerShell/v1.0
PATH: /c/WINDOWS/System32/OpenSSH
PATH: /c/Program Files/Microsoft SQL Server/150/Tools/Binn
PATH: /c/Program Files/Microsoft SQL Server/Client SDK/ODBC/170/Tools/Binn
PATH: /cmd
PATH: /c/Program Files (x86)/Microsoft SQL Server/150/Tools/Binn
PATH: /c/Program Files/Microsoft SQL Server/150/DTS/Binn
PATH: /c/Program Files (x86)/Microsoft SQL Server/150/DTS/Binn
PATH: /c/Program Files/Azure Data Studio/bin
PATH: /c/Program Files/dotnet
PATH: /c/Program Files/nodejs
PATH: /c/Users/phamq/.cargo/bin
PATH: /c/Users/phamq/AppData/Local/Programs/Python/Python310/Scripts
PATH: /c/Users/phamq/AppData/Local/Programs/Python/Python310
PATH: /c/Users/phamq/AppData/Local/Microsoft/WindowsApps
PATH: /c/Users/phamq/AppData/Local/Programs/Microsoft VS Code/bin
PATH: /c/Users/phamq/AppData/Local/GitHubDesktop/bin
PATH: /c/Program Files/Azure Data Studio/bin
PATH: /c/Users/phamq/.dotnet/tools
PATH: /c/Users/phamq/AppData/Roaming/npm
PATH: /usr/bin/vendor_perl
PATH: /usr/bin/core_perl


## ----------- ##
## Core tests. ##
## ----------- ##

configure:2641: checking for xsltproc
configure:2672: result: false
configure:2713: checking for x86_64-pc-win32-gcc
configure:2740: result: C:\Program Files\Microsoft Visual Studio\2022\Community\VC\Tools\MSVC\14.33.31629\bin\HostX64\x64\cl.exe
configure:3009: checking for C compiler version
configure:3018: C:\Program Files\Microsoft Visual Studio\2022\Community\VC\Tools\MSVC\14.33.31629\bin\HostX64\x64\cl.exe --version >&5
d:/workspace/contract_sp/deploy01/core-contracts/staking-pool/target/debug/build/jemalloc-sys-b0771b78f4db9aed/out/jemalloc/configure: line 3020: C:\Program: No such file or directory
configure:3029: $? = 127
configure:3018: C:\Program Files\Microsoft Visual Studio\2022\Community\VC\Tools\MSVC\14.33.31629\bin\HostX64\x64\cl.exe -v >&5
d:/workspace/contract_sp/deploy01/core-contracts/staking-pool/target/debug/build/jemalloc-sys-b0771b78f4db9aed/out/jemalloc/configure: line 3020: C:\Program: No such file or directory
configure:3029: $? = 127
configure:3018: C:\Program Files\Microsoft Visual Studio\2022\Community\VC\Tools\MSVC\14.33.31629\bin\HostX64\x64\cl.exe -V >&5
d:/workspace/contract_sp/deploy01/core-contracts/staking-pool/target/debug/build/jemalloc-sys-b0771b78f4db9aed/out/jemalloc/configure: line 3020: C:\Program: No such file or directory
configure:3029: $? = 127
configure:3018: C:\Program Files\Microsoft Visual Studio\2022\Community\VC\Tools\MSVC\14.33.31629\bin\HostX64\x64\cl.exe -qversion >&5
d:/workspace/contract_sp/deploy01/core-contracts/staking-pool/target/debug/build/jemalloc-sys-b0771b78f4db9aed/out/jemalloc/configure: line 3020: C:\Program: No such file or directory
configure:3029: $? = 127
configure:3049: checking whether the C compiler works
configure:3071: C:\Program Files\Microsoft Visual Studio\2022\Community\VC\Tools\MSVC\14.33.31629\bin\HostX64\x64\cl.exe -nologo -MD -Z7 -Brepro -W4 -nologo -MD -Z7 -Brepro -W4 -nologo -MD -Z7 -Brepro -W4 conftest.c  >&5
d:/workspace/contract_sp/deploy01/core-contracts/staking-pool/target/debug/build/jemalloc-sys-b0771b78f4db9aed/out/jemalloc/configure: line 3073: C:\Program: No such file or directory
configure:3075: $? = 127
configure:3113: result: no
configure: failed program was:
| /* confdefs.h */
| #define PACKAGE_NAME ""
| #define PACKAGE_TARNAME ""
| #define PACKAGE_VERSION ""
| #define PACKAGE_STRING ""
| #define PACKAGE_BUGREPORT ""
| #define PACKAGE_URL ""
| /* end confdefs.h.  */
| 
| int
| main ()
| {
| 
|   ;
|   return 0;
| }
configure:3118: error: in `/d/workspace/contract_sp/deploy01/core-contracts/staking-pool/target/debug/build/jemalloc-sys-b0771b78f4db9aed/out/build':
configure:3120: error: C compiler cannot create executables
See `config.log' for more details

## ---------------- ##
## Cache variables. ##
## ---------------- ##

ac_cv_env_CCC_set=
ac_cv_env_CCC_value=
ac_cv_env_CC_set=set
ac_cv_env_CC_value='C:\Program Files\Microsoft Visual Studio\2022\Community\VC\Tools\MSVC\14.33.31629\bin\HostX64\x64\cl.exe'
ac_cv_env_CFLAGS_set=set
ac_cv_env_CFLAGS_value='-nologo -MD -Z7 -Brepro -W4'
ac_cv_env_CPPFLAGS_set=set
ac_cv_env_CPPFLAGS_value='-nologo -MD -Z7 -Brepro -W4'
ac_cv_env_CPP_set=
ac_cv_env_CPP_value=
ac_cv_env_CXXFLAGS_set=
ac_cv_env_CXXFLAGS_value=
ac_cv_env_CXX_set=
ac_cv_env_CXX_value=
ac_cv_env_LDFLAGS_set=set
ac_cv_env_LDFLAGS_value='-nologo -MD -Z7 -Brepro -W4'
ac_cv_env_LIBS_set=
ac_cv_env_LIBS_value=
ac_cv_env_build_alias_set=set
ac_cv_env_build_alias_value=x86_64-pc-win32
ac_cv_env_host_alias_set=set
ac_cv_env_host_alias_value=x86_64-pc-win32
ac_cv_env_target_alias_set=
ac_cv_env_target_alias_value=
ac_cv_path_XSLTPROC=false
ac_cv_prog_CC='C:\Program Files\Microsoft Visual Studio\2022\Community\VC\Tools\MSVC\14.33.31629\bin\HostX64\x64\cl.exe'

## ----------------- ##
## Output variables. ##
## ----------------- ##

AR=''
ARFLAGS=''
AROUT=''
AUTOCONF=''
AWK=''
BINDIR='d:workspacecontract_spdeploy01core-contractsstaking-pooltargetdebugbuildjemalloc-sys-b0771b78f4db9aedout/bin'
CC='C:\Program Files\Microsoft Visual Studio\2022\Community\VC\Tools\MSVC\14.33.31629\bin\HostX64\x64\cl.exe'
CC_MM=''
CFLAGS='-nologo -MD -Z7 -Brepro -W4'
CONFIG='--disable-cxx --with-jemalloc-prefix=_rjem_ --with-private-namespace=_rjem_ --host=x86_64-pc-win32 --build=x86_64-pc-win32 --prefix=d:\workspace\contract_sp\deploy01\core-contracts\staking-pool\target\debug\build\jemalloc-sys-b0771b78f4db9aed\out build_alias=x86_64-pc-win32 host_alias=x86_64-pc-win32 '\''CC=C:\Program Files\Microsoft Visual Studio\2022\Community\VC\Tools\MSVC\14.33.31629\bin\HostX64\x64\cl.exe'\'' '\''CFLAGS=-nologo -MD -Z7 -Brepro -W4'\'' '\''LDFLAGS=-nologo -MD -Z7 -Brepro -W4'\'' '\''CPPFLAGS=-nologo -MD -Z7 -Brepro -W4'\'''
CONFIGURE_CFLAGS=''
CONFIGURE_CXXFLAGS=''
CPP=''
CPPFLAGS='-nologo -MD -Z7 -Brepro -W4'
CTARGET=''
CXX=''
CXXFLAGS=''
DATADIR='d:\workspace\contract_sp\deploy01\core-contracts\staking-pool\target\debug\build\jemalloc-sys-b0771b78f4db9aed\out/share'
DEFS=''
DSO_LDFLAGS=''
DUMP_SYMS=''
ECHO_C=''
ECHO_N='-n'
ECHO_T=''
EGREP=''
EXEEXT=''
EXTRA_CFLAGS=''
EXTRA_CXXFLAGS=''
EXTRA_LDFLAGS=''
GREP=''
HAVE_CXX14=''
INCLUDEDIR='d:workspacecontract_spdeploy01core-contractsstaking-pooltargetdebugbuildjemalloc-sys-b0771b78f4db9aedout/include'
INSTALL_DATA=''
INSTALL_PROGRAM=''
INSTALL_SCRIPT=''
JEMALLOC_CPREFIX=''
JEMALLOC_PREFIX=''
LD=''
LDFLAGS='-nologo -MD -Z7 -Brepro -W4'
LDTARGET=''
LD_PRELOAD_VAR=''
LIBDIR='d:workspacecontract_spdeploy01core-contractsstaking-pooltargetdebugbuildjemalloc-sys-b0771b78f4db9aedout/lib'
LIBOBJS=''
LIBS=''
LM=''
LTLIBOBJS=''
MANDIR='d:\workspace\contract_sp\deploy01\core-contracts\staking-pool\target\debug\build\jemalloc-sys-b0771b78f4db9aed\out/share/man'
MKLIB=''
NM=''
OBJEXT=''
PACKAGE_BUGREPORT=''
PACKAGE_NAME=''
PACKAGE_STRING=''
PACKAGE_TARNAME=''
PACKAGE_URL=''
PACKAGE_VERSION=''
PATH_SEPARATOR=':'
PIC_CFLAGS=''
PREFIX='d:\workspace\contract_sp\deploy01\core-contracts\staking-pool\target\debug\build\jemalloc-sys-b0771b78f4db9aed\out'
RANLIB=''
RPATH=''
RPATH_EXTRA=''
SHELL='/bin/sh'
SOREV=''
SPECIFIED_CFLAGS='-nologo -MD -Z7 -Brepro -W4'
SPECIFIED_CXXFLAGS=''
TEST_LD_MODE=''
XSLROOT=''
XSLTPROC='false'
a=''
abi=''
abs_objroot='/d/workspace/contract_sp/deploy01/core-contracts/staking-pool/target/debug/build/jemalloc-sys-b0771b78f4db9aed/out/build/'
abs_srcroot='/d/workspace/contract_sp/deploy01/core-contracts/staking-pool/target/debug/build/jemalloc-sys-b0771b78f4db9aed/out/jemalloc/'
ac_ct_CC=''
ac_ct_CXX=''
bindir='${exec_prefix}/bin'
build='x86_64-pc-win32'
build_alias='x86_64-pc-win32'
build_cpu=''
build_os=''
build_vendor=''
cfghdrs_in=''
cfghdrs_out=''
cfgoutputs_in=''
cfgoutputs_out=''
datadir='${datarootdir}'
datarootdir='${prefix}/share'
docdir='${datarootdir}/doc/${PACKAGE}'
dvidir='${docdir}'
enable_autogen=''
enable_cache_oblivious=''
enable_cxx='no'
enable_debug=''
enable_fill=''
enable_initial_exec_tls=''
enable_lazy_lock=''
enable_log=''
enable_prof=''
enable_stats=''
enable_tls=''
enable_utrace=''
enable_xmalloc=''
enable_zone_allocator=''
exe=''
exec_prefix='d:\workspace\contract_sp\deploy01\core-contracts\staking-pool\target\debug\build\jemalloc-sys-b0771b78f4db9aed\out'
host='x86_64-pc-win32'
host_alias='x86_64-pc-win32'
host_cpu=''
host_os=''
host_vendor=''
htmldir='${docdir}'
importlib=''
includedir='${prefix}/include'
infodir='${datarootdir}/info'
install_suffix=''
je_=''
jemalloc_version=''
jemalloc_version_bugfix=''
jemalloc_version_gid=''
jemalloc_version_major=''
jemalloc_version_minor=''
jemalloc_version_nrev=''
libdir='${exec_prefix}/lib'
libexecdir='${exec_prefix}/libexec'
libprefix=''
link_whole_archive=''
localedir='${datarootdir}/locale'
localstatedir='${prefix}/var'
mandir='${datarootdir}/man'
o=''
objroot=''
oldincludedir='/usr/include'
pdfdir='${docdir}'
prefix='d:\workspace\contract_sp\deploy01\core-contracts\staking-pool\target\debug\build\jemalloc-sys-b0771b78f4db9aed\out'
private_namespace=''
program_transform_name='s,x,x,'
psdir='${docdir}'
rev='2'
sbindir='${exec_prefix}/sbin'
sharedstatedir='${prefix}/com'
so=''
srcroot='d:/workspace/contract_sp/deploy01/core-contracts/staking-pool/target/debug/build/jemalloc-sys-b0771b78f4db9aed/out/jemalloc/'
sysconfdir='${prefix}/etc'
target_alias=''

## ----------- ##
## confdefs.h. ##
## ----------- ##

/* confdefs.h */
#define PACKAGE_NAME ""
#define PACKAGE_TARNAME ""
#define PACKAGE_VERSION ""
#define PACKAGE_STRING ""
#define PACKAGE_BUGREPORT ""
#define PACKAGE_URL ""

configure: exit 77
